2021-12-06 15:53:39.616 ERROR [] [] [] []  [] [] [] [] [] [] [] [main] org.springframework.boot.diagnostics.LoggingFailureAnalysisReporter [LoggingFailureAnalysisReporter.java:40] - 

***************************
APPLICATION FAILED TO START
***************************

Description:

Failed to configure a DataSource: 'url' attribute is not specified and no embedded datasource could be configured.

Reason: Failed to determine a suitable driver class


Action:

Consider the following:
	If you want an embedded database (H2, HSQL or Derby), please put it on the classpath.
	If you have database settings to be loaded from a particular profile you may need to activate it (no profiles are currently active).

2021-12-06 18:05:00.817 ERROR [] [] [] []  [] [] [] [] [] [] [] [main] org.springframework.boot.diagnostics.LoggingFailureAnalysisReporter [LoggingFailureAnalysisReporter.java:40] - 

***************************
APPLICATION FAILED TO START
***************************

Description:

The bean 'swaggerResourceController', defined in class path resource [com/erenwu/gateway/swagger/SwaggerAutoConfigure.class], could not be registered. A bean with that name has already been defined in file [C:\wzw\project\micro\api-gataway\target\classes\com\erenwu\gateway\swagger\SwaggerResourceController.class] and overriding is disabled.

Action:

Consider renaming one of the beans or enabling overriding by setting spring.main.allow-bean-definition-overriding=true

2021-12-06 18:06:20.149 ERROR [] [] [] []  [] [] [] [] [] [] [] [main] org.springframework.boot.diagnostics.LoggingFailureAnalysisReporter [LoggingFailureAnalysisReporter.java:40] - 

***************************
APPLICATION FAILED TO START
***************************

Description:

The bean 'swaggerResourceController', defined in class path resource [com/erenwu/gateway/swagger/SwaggerAutoConfigure.class], could not be registered. A bean with that name has already been defined in file [C:\wzw\project\micro\api-gataway\target\classes\com\erenwu\gateway\swagger\SwaggerResourceController.class] and overriding is disabled.

Action:

Consider renaming one of the beans or enabling overriding by setting spring.main.allow-bean-definition-overriding=true

2021-12-06 18:06:30.584 ERROR [] [] [] []  [] [] [] [] [] [] [] [main] org.springframework.boot.diagnostics.LoggingFailureAnalysisReporter [LoggingFailureAnalysisReporter.java:40] - 

***************************
APPLICATION FAILED TO START
***************************

Description:

The bean 'swaggerResourceController', defined in class path resource [com/erenwu/gateway/swagger/SwaggerAutoConfigure.class], could not be registered. A bean with that name has already been defined in file [C:\wzw\project\micro\api-gataway\target\classes\com\erenwu\gateway\swagger\SwaggerResourceController.class] and overriding is disabled.

Action:

Consider renaming one of the beans or enabling overriding by setting spring.main.allow-bean-definition-overriding=true

2021-12-06 18:07:10.854 ERROR [] [] [] []  [] [] [] [] [] [] [] [main] org.springframework.boot.SpringApplication [SpringApplication.java:837] - Application run failed
org.springframework.beans.factory.BeanDefinitionStoreException: Failed to process import candidates for configuration class [com.erenwu.gateway.GatewayApplication]; nested exception is java.lang.IllegalStateException: Failed to introspect annotated methods on class springfox.documentation.swagger2.configuration.Swagger2DocumentationConfiguration
	at org.springframework.context.annotation.ConfigurationClassParser.processImports(ConfigurationClassParser.java:609)
	at org.springframework.context.annotation.ConfigurationClassParser.doProcessConfigurationClass(ConfigurationClassParser.java:310)
	at org.springframework.context.annotation.ConfigurationClassParser.processConfigurationClass(ConfigurationClassParser.java:249)
	at org.springframework.context.annotation.ConfigurationClassParser.parse(ConfigurationClassParser.java:206)
	at org.springframework.context.annotation.ConfigurationClassParser.parse(ConfigurationClassParser.java:174)
	at org.springframework.context.annotation.ConfigurationClassPostProcessor.processConfigBeanDefinitions(ConfigurationClassPostProcessor.java:319)
	at org.springframework.context.annotation.ConfigurationClassPostProcessor.postProcessBeanDefinitionRegistry(ConfigurationClassPostProcessor.java:236)
	at org.springframework.context.support.PostProcessorRegistrationDelegate.invokeBeanDefinitionRegistryPostProcessors(PostProcessorRegistrationDelegate.java:280)
	at org.springframework.context.support.PostProcessorRegistrationDelegate.invokeBeanFactoryPostProcessors(PostProcessorRegistrationDelegate.java:96)
	at org.springframework.context.support.AbstractApplicationContext.invokeBeanFactoryPostProcessors(AbstractApplicationContext.java:707)
	at org.springframework.context.support.AbstractApplicationContext.refresh(AbstractApplicationContext.java:533)
	at org.springframework.boot.web.reactive.context.ReactiveWebServerApplicationContext.refresh(ReactiveWebServerApplicationContext.java:62)
	at org.springframework.boot.SpringApplication.refresh(SpringApplication.java:758)
	at org.springframework.boot.SpringApplication.refresh(SpringApplication.java:750)
	at org.springframework.boot.SpringApplication.refreshContext(SpringApplication.java:397)
	at org.springframework.boot.SpringApplication.run(SpringApplication.java:315)
	at org.springframework.boot.SpringApplication.run(SpringApplication.java:1237)
	at org.springframework.boot.SpringApplication.run(SpringApplication.java:1226)
	at com.erenwu.gateway.GatewayApplication.main(GatewayApplication.java:20)
Caused by: java.lang.IllegalStateException: Failed to introspect annotated methods on class springfox.documentation.swagger2.configuration.Swagger2DocumentationConfiguration
	at org.springframework.core.type.StandardAnnotationMetadata.getAnnotatedMethods(StandardAnnotationMetadata.java:162)
	at org.springframework.context.annotation.ConfigurationClassParser.retrieveBeanMethodMetadata(ConfigurationClassParser.java:402)
	at org.springframework.context.annotation.ConfigurationClassParser.doProcessConfigurationClass(ConfigurationClassParser.java:325)
	at org.springframework.context.annotation.ConfigurationClassParser.processConfigurationClass(ConfigurationClassParser.java:249)
	at org.springframework.context.annotation.ConfigurationClassParser.processImports(ConfigurationClassParser.java:599)
	... 18 common frames omitted
Caused by: java.lang.IllegalStateException: Failed to introspect Class [springfox.documentation.swagger2.configuration.Swagger2DocumentationConfiguration] from ClassLoader [sun.misc.Launcher$AppClassLoader@18b4aac2]
	at org.springframework.util.ReflectionUtils.getDeclaredMethods(ReflectionUtils.java:481)
	at org.springframework.util.ReflectionUtils.getDeclaredMethods(ReflectionUtils.java:455)
	at org.springframework.core.type.StandardAnnotationMetadata.getAnnotatedMethods(StandardAnnotationMetadata.java:151)
	... 22 common frames omitted
Caused by: java.lang.NoClassDefFoundError: org/springframework/web/servlet/HandlerMapping
	at java.lang.Class.getDeclaredMethods0(Native Method)
	at java.lang.Class.privateGetDeclaredMethods(Class.java:2701)
	at java.lang.Class.getDeclaredMethods(Class.java:1975)
	at org.springframework.util.ReflectionUtils.getDeclaredMethods(ReflectionUtils.java:463)
	... 24 common frames omitted
Caused by: java.lang.ClassNotFoundException: org.springframework.web.servlet.HandlerMapping
	at java.net.URLClassLoader.findClass(URLClassLoader.java:382)
	at java.lang.ClassLoader.loadClass(ClassLoader.java:418)
	at sun.misc.Launcher$AppClassLoader.loadClass(Launcher.java:355)
	at java.lang.ClassLoader.loadClass(ClassLoader.java:351)
	... 28 common frames omitted
2021-12-06 18:07:27.289 ERROR [] [] [] []  [] [] [] [] [] [] [] [main] org.springframework.boot.diagnostics.LoggingFailureAnalysisReporter [LoggingFailureAnalysisReporter.java:40] - 

***************************
APPLICATION FAILED TO START
***************************

Description:

The bean 'swaggerResourceController', defined in class path resource [com/erenwu/gateway/swagger/SwaggerAutoConfigure.class], could not be registered. A bean with that name has already been defined in file [C:\wzw\project\micro\api-gataway\target\classes\com\erenwu\gateway\swagger\SwaggerResourceController.class] and overriding is disabled.

Action:

Consider renaming one of the beans or enabling overriding by setting spring.main.allow-bean-definition-overriding=true

2021-12-06 18:10:01.368 ERROR [] [] [] []  [] [] [] [] [] [] [] [main] org.springframework.boot.diagnostics.LoggingFailureAnalysisReporter [LoggingFailureAnalysisReporter.java:40] - 

***************************
APPLICATION FAILED TO START
***************************

Description:

Parameter 0 of method routeDefinitionRouteLocator in org.springframework.cloud.gateway.config.GatewayAutoConfiguration required a single bean, but 2 were found:
	- spring.cloud.gateway-org.springframework.cloud.gateway.config.GatewayProperties: defined in null
	- gatewayProperties: defined by method 'gatewayProperties' in class path resource [org/springframework/cloud/gateway/config/GatewayAutoConfiguration.class]


Action:

Consider marking one of the beans as @Primary, updating the consumer to accept multiple beans, or using @Qualifier to identify the bean that should be consumed

2021-12-06 18:10:24.282 ERROR [] [] [] []  [] [] [] [] [] [] [] [main] org.springframework.boot.diagnostics.LoggingFailureAnalysisReporter [LoggingFailureAnalysisReporter.java:40] - 

***************************
APPLICATION FAILED TO START
***************************

Description:

The bean 'swaggerResourceController', defined in class path resource [com/erenwu/gateway/swagger/SwaggerAutoConfigure.class], could not be registered. A bean with that name has already been defined in file [C:\wzw\project\micro\api-gataway\target\classes\com\erenwu\gateway\swagger\SwaggerResourceController.class] and overriding is disabled.

Action:

Consider renaming one of the beans or enabling overriding by setting spring.main.allow-bean-definition-overriding=true

2021-12-06 18:17:47.348 ERROR [] [] [] []  [] [] [] [] [] [] [] [main] org.springframework.boot.diagnostics.LoggingFailureAnalysisReporter [LoggingFailureAnalysisReporter.java:40] - 

***************************
APPLICATION FAILED TO START
***************************

Description:

Parameter 0 of method routeDefinitionRouteLocator in org.springframework.cloud.gateway.config.GatewayAutoConfiguration required a single bean, but 2 were found:
	- spring.cloud.gateway-org.springframework.cloud.gateway.config.GatewayProperties: defined in null
	- gatewayProperties: defined by method 'gatewayProperties' in class path resource [org/springframework/cloud/gateway/config/GatewayAutoConfiguration.class]


Action:

Consider marking one of the beans as @Primary, updating the consumer to accept multiple beans, or using @Qualifier to identify the bean that should be consumed

2021-12-06 18:19:52.009 ERROR [] [] [] []  [] [] [] [] [] [] [] [main] org.springframework.boot.diagnostics.LoggingFailureAnalysisReporter [LoggingFailureAnalysisReporter.java:40] - 

***************************
APPLICATION FAILED TO START
***************************

Description:

The bean 'swaggerResourceController', defined in class path resource [com/erenwu/gateway/swagger/SwaggerAutoConfigure.class], could not be registered. A bean with that name has already been defined in file [C:\wzw\project\micro\api-gataway\target\classes\com\erenwu\gateway\swagger\SwaggerResourceController.class] and overriding is disabled.

Action:

Consider renaming one of the beans or enabling overriding by setting spring.main.allow-bean-definition-overriding=true

2021-12-06 18:21:52.209 ERROR [] [] [] []  [] [] [] [] [] [] [] [main] org.springframework.boot.diagnostics.LoggingFailureAnalysisReporter [LoggingFailureAnalysisReporter.java:40] - 

***************************
APPLICATION FAILED TO START
***************************

Description:

Parameter 0 of method routeDefinitionRouteLocator in org.springframework.cloud.gateway.config.GatewayAutoConfiguration required a single bean, but 2 were found:
	- spring.cloud.gateway-org.springframework.cloud.gateway.config.GatewayProperties: defined in null
	- gatewayProperties: defined by method 'gatewayProperties' in class path resource [org/springframework/cloud/gateway/config/GatewayAutoConfiguration.class]


Action:

Consider marking one of the beans as @Primary, updating the consumer to accept multiple beans, or using @Qualifier to identify the bean that should be consumed

